<?xml version="1.0" encoding="UTF-8"?>
<testsuite name="GLRTester" tests="1" skipped="0" failures="0" errors="0" timestamp="2018-01-03T10:04:29" hostname="localhost" time="1205.031">
  <properties/>
  <testcase name="test" classname="GLRTester" time="1205.031"/>
  <system-out><![CDATA[GRL testing...
data/grammars/grammar1
data/graphs/skos.dot answer: 810 got: 810?[32m [OK]?[0m
data/graphs/univ-bench.dot answer: 2540 got: 2540?[32m [OK]?[0m
data/graphs/travel.dot answer: 2499 got: 2499?[32m [OK]?[0m
data/graphs/generations.dot answer: 2164 got: 2164?[32m [OK]?[0m
data/graphs/foaf.dot answer: 4118 got: 4118?[32m [OK]?[0m
data/graphs/people_pets.dot answer: 9472 got: 9472?[32m [OK]?[0m
data/graphs/atom-primitive.dot answer: 15454 got: 15454?[32m [OK]?[0m
data/graphs/biomedical-mesure-primitive.dot answer: 15156 got: 15156?[32m [OK]?[0m
data/graphs/funding.dot answer: 17634 got: 17634?[32m [OK]?[0m
data/graphs/pizza.dot answer: 56195 got: 56195?[32m [OK]?[0m
data/graphs/wine.dot answer: 66572 got: 66572?[32m [OK]?[0m
data/grammars/grammar2
data/graphs/skos.dot answer: 1 got: 1?[32m [OK]?[0m
data/graphs/univ-bench.dot answer: 81 got: 81?[32m [OK]?[0m
data/graphs/travel.dot answer: 63 got: 63?[32m [OK]?[0m
data/graphs/generations.dot answer: 0 got: 0?[32m [OK]?[0m
data/graphs/foaf.dot answer: 10 got: 10?[32m [OK]?[0m
data/graphs/people_pets.dot answer: 37 got: 37?[32m [OK]?[0m
data/graphs/atom-primitive.dot answer: 122 got: 122?[32m [OK]?[0m
data/graphs/biomedical-mesure-primitive.dot answer: 2871 got: 2871?[32m [OK]?[0m
data/graphs/funding.dot answer: 1158 got: 1158?[32m [OK]?[0m
data/graphs/pizza.dot answer: 1262 got: 1262?[32m [OK]?[0m
data/graphs/wine.dot answer: 133 got: 133?[32m [OK]?[0m
]]></system-out>
  <system-err><![CDATA[]]></system-err>
</testsuite>
